*********************************************************************
* LD Score Regression (LDSC)
* Version 2.0.0
* (C) 2014-2019 Brendan Bulik-Sullivan and Hilary Finucane
* Broad Institute of MIT and Harvard / MIT Department of Mathematics
* GNU General Public License v3
*********************************************************************
Call: 
./ldsc.py \
--out /Users/bingli/Documents/GitHub/GWAS_Yap_et_al/results/baldness_chronotype.step4 \
--rg /Users/bingli/Documents/GitHub/GWAS_Yap_et_al/results/baldness.step1.sumstats.gz,/Users/bingli/Documents/GitHub/GWAS_Yap_et_al/results/chronotype.step1.sumstats.gz \
--ref-ld-chr /Users/bingli/Documents/GitHub/GWAS_Yap_et_al/data/reference/eur_w_ld_chr/ \
--w-ld-chr /Users/bingli/Documents/GitHub/GWAS_Yap_et_al/data/reference/eur_w_ld_chr/ 

Beginning analysis at Sun Apr 27 14:48:26 2025
Reading summary statistics from /Users/bingli/Documents/GitHub/GWAS_Yap_et_al/results/baldness.step1.sumstats.gz ...
Read summary statistics for 1167622 SNPs.
Reading reference panel LD Score from /Users/bingli/Documents/GitHub/GWAS_Yap_et_al/data/reference/eur_w_ld_chr/[1-22] ... (ldscore_fromlist)
Read reference panel LD Scores for 1293150 SNPs.
Removing partitioned LD Scores with zero variance.
Reading regression weight LD Score from /Users/bingli/Documents/GitHub/GWAS_Yap_et_al/data/reference/eur_w_ld_chr/[1-22] ... (ldscore_fromlist)
Read regression weight LD Scores for 1293150 SNPs.
After merging with reference panel LD, 1139569 SNPs remain.
After merging with regression SNP LD, 1139569 SNPs remain.
Computing rg for phenotype 2/2
Reading summary statistics from /Users/bingli/Documents/GitHub/GWAS_Yap_et_al/results/chronotype.step1.sumstats.gz ...
Read summary statistics for 1217311 SNPs.
After merging with summary statistics, 1139569 SNPs remain.
1503 SNPs with valid alleles.
WARNING: number of SNPs less than 200k; this is almost always bad.

Heritability of phenotype 1
---------------------------
Total Observed scale h2: 0.0022 (0.0332)
Lambda GC: 2.172
Mean Chi^2: 2.7426
Intercept: 2.716 (0.6204)
Ratio: 0.9847 (0.356)

Heritability of phenotype 2/2
-----------------------------
Total Observed scale h2: -0.0371 (0.2335)
Lambda GC: 159.3123
Mean Chi^2: 86.0419
Intercept: 87.7557 (11.4753)
Ratio: 1.0202 (0.1349)

Genetic Covariance
------------------
Total Observed scale gencov: 0.0672 (0.1068)
Mean z1*z2: -1.1461
Intercept: -2.8637 (2.8869)

Genetic Correlation
-------------------
Genetic Correlation: nan (nan) (h2  out of bounds) 
Z-score: nan (nan) (h2  out of bounds)
P: nan (nan) (h2  out of bounds)
WARNING: One of the h2's was out of bounds.
This usually indicates a data-munging error or that h2 or N is low.


Summary of Genetic Correlation Results
                                                                              p1                                                                                 p2 rg se  z  p  h2_obs  h2_obs_se  h2_int  h2_int_se  gcov_int  gcov_int_se
/Users/bingli/Documents/GitHub/GWAS_Yap_et_al/results/baldness.step1.sumstats.gz /Users/bingli/Documents/GitHub/GWAS_Yap_et_al/results/chronotype.step1.sumstats.gz NA NA NA NA -0.0371     0.2335 87.7557    11.4753   -2.8637       2.8869

Analysis finished at Sun Apr 27 14:48:48 2025
Total time elapsed: 21.26s
