*********************************************************************
* LD Score Regression (LDSC)
* Version 2.0.0
* (C) 2014-2019 Brendan Bulik-Sullivan and Hilary Finucane
* Broad Institute of MIT and Harvard / MIT Department of Mathematics
* GNU General Public License v3
*********************************************************************
Call: 
./ldsc.py \
--out /Users/bingli/Documents/GitHub/GWAS_Yap_et_al/results/baldness_ADHD.step4 \
--rg /Users/bingli/Documents/GitHub/GWAS_Yap_et_al/results/baldness.step1.sumstats.gz,/Users/bingli/Documents/GitHub/GWAS_Yap_et_al/results/ADHD.step1.sumstats.gz \
--ref-ld-chr /Users/bingli/Documents/GitHub/GWAS_Yap_et_al/data/reference/eur_w_ld_chr/ \
--w-ld-chr /Users/bingli/Documents/GitHub/GWAS_Yap_et_al/data/reference/eur_w_ld_chr/ 

Beginning analysis at Sun Apr 27 16:06:50 2025
Reading summary statistics from /Users/bingli/Documents/GitHub/GWAS_Yap_et_al/results/baldness.step1.sumstats.gz ...
Read summary statistics for 1167622 SNPs.
Reading reference panel LD Score from /Users/bingli/Documents/GitHub/GWAS_Yap_et_al/data/reference/eur_w_ld_chr/[1-22] ... (ldscore_fromlist)
Read reference panel LD Scores for 1293150 SNPs.
Removing partitioned LD Scores with zero variance.
Reading regression weight LD Score from /Users/bingli/Documents/GitHub/GWAS_Yap_et_al/data/reference/eur_w_ld_chr/[1-22] ... (ldscore_fromlist)
Read regression weight LD Scores for 1293150 SNPs.
After merging with reference panel LD, 1139569 SNPs remain.
After merging with regression SNP LD, 1139569 SNPs remain.
Computing rg for phenotype 2/2
Reading summary statistics from /Users/bingli/Documents/GitHub/GWAS_Yap_et_al/results/ADHD.step1.sumstats.gz ...
Read summary statistics for 1217311 SNPs.
After merging with summary statistics, 1139569 SNPs remain.
1098411 SNPs with valid alleles.

Heritability of phenotype 1
---------------------------
Total Observed scale h2: 0.3449 (0.034)
Lambda GC: 1.4926
Mean Chi^2: 2.6231
Intercept: 1.225 (0.0502)
Ratio: 0.1386 (0.0309)

Heritability of phenotype 2/2
-----------------------------
Total Observed scale h2: 0.0952 (0.0044)
Lambda GC: 1.3615
Mean Chi^2: 1.4558
Intercept: 1.027 (0.0094)
Ratio: 0.0592 (0.0206)

Genetic Covariance
------------------
Total Observed scale gencov: -0.0089 (0.0044)
Mean z1*z2: -0.035
Intercept: 0.0043 (0.0084)

Genetic Correlation
-------------------
Genetic Correlation: -0.0493 (0.024)
Z-score: -2.0528
P: 0.0401


Summary of Genetic Correlation Results
                                                                              p1                                                                           p2      rg    se       z      p  h2_obs  h2_obs_se  h2_int  h2_int_se  gcov_int  gcov_int_se
/Users/bingli/Documents/GitHub/GWAS_Yap_et_al/results/baldness.step1.sumstats.gz /Users/bingli/Documents/GitHub/GWAS_Yap_et_al/results/ADHD.step1.sumstats.gz -0.0493 0.024 -2.0528 0.0401  0.0952     0.0044   1.027     0.0094    0.0043       0.0084

Analysis finished at Sun Apr 27 16:07:08 2025
Total time elapsed: 18.46s
