*********************************************************************
* LD Score Regression (LDSC)
* Version 2.0.0
* (C) 2014-2019 Brendan Bulik-Sullivan and Hilary Finucane
* Broad Institute of MIT and Harvard / MIT Department of Mathematics
* GNU General Public License v3
*********************************************************************
Call: 
./ldsc.py \
--out /Users/bingli/Documents/GitHub/GWAS_Yap_et_al/results/baldness_cannabisuse.step4 \
--rg /Users/bingli/Documents/GitHub/GWAS_Yap_et_al/results/baldness.step1.sumstats.gz,/Users/bingli/Documents/GitHub/GWAS_Yap_et_al/results/cannabisuse.step1.sumstats.gz \
--ref-ld-chr /Users/bingli/Documents/GitHub/GWAS_Yap_et_al/data/reference/eur_w_ld_chr/ \
--w-ld-chr /Users/bingli/Documents/GitHub/GWAS_Yap_et_al/data/reference/eur_w_ld_chr/ 

Beginning analysis at Sun Apr 27 16:06:28 2025
Reading summary statistics from /Users/bingli/Documents/GitHub/GWAS_Yap_et_al/results/baldness.step1.sumstats.gz ...
Read summary statistics for 1167622 SNPs.
Reading reference panel LD Score from /Users/bingli/Documents/GitHub/GWAS_Yap_et_al/data/reference/eur_w_ld_chr/[1-22] ... (ldscore_fromlist)
Read reference panel LD Scores for 1293150 SNPs.
Removing partitioned LD Scores with zero variance.
Reading regression weight LD Score from /Users/bingli/Documents/GitHub/GWAS_Yap_et_al/data/reference/eur_w_ld_chr/[1-22] ... (ldscore_fromlist)
Read regression weight LD Scores for 1293150 SNPs.
After merging with reference panel LD, 1139569 SNPs remain.
After merging with regression SNP LD, 1139569 SNPs remain.
Computing rg for phenotype 2/2
Reading summary statistics from /Users/bingli/Documents/GitHub/GWAS_Yap_et_al/results/cannabisuse.step1.sumstats.gz ...
Read summary statistics for 1217311 SNPs.
After merging with summary statistics, 1139569 SNPs remain.
429020 SNPs with valid alleles.

Heritability of phenotype 1
---------------------------
Total Observed scale h2: 0.3448 (0.0457)
Lambda GC: 1.4926
Mean Chi^2: 2.6791
Intercept: 1.3119 (0.0979)
Ratio: 0.1858 (0.0583)

Heritability of phenotype 2/2
-----------------------------
Total Observed scale h2: 0.0195 (0.0025)
Lambda GC: 1.1207
Mean Chi^2: 1.1383
Intercept: 0.9947 (0.0111)
Ratio < 0 (usually indicates GC correction).

Genetic Covariance
------------------
Total Observed scale gencov: -0.0022 (0.0034)
Mean z1*z2: -0.0042
Intercept: 0.0059 (0.0112)

Genetic Correlation
-------------------
Genetic Correlation: -0.0269 (0.0426)
Z-score: -0.6315
P: 0.5277


Summary of Genetic Correlation Results
                                                                              p1                                                                                  p2      rg     se       z      p  h2_obs  h2_obs_se  h2_int  h2_int_se  gcov_int  gcov_int_se
/Users/bingli/Documents/GitHub/GWAS_Yap_et_al/results/baldness.step1.sumstats.gz /Users/bingli/Documents/GitHub/GWAS_Yap_et_al/results/cannabisuse.step1.sumstats.gz -0.0269 0.0426 -0.6315 0.5277  0.0195     0.0025  0.9947     0.0111    0.0059       0.0112

Analysis finished at Sun Apr 27 16:06:48 2025
Total time elapsed: 19.99s
