*********************************************************************
* LD Score Regression (LDSC)
* Version 2.0.0
* (C) 2014-2019 Brendan Bulik-Sullivan and Hilary Finucane
* Broad Institute of MIT and Harvard / MIT Department of Mathematics
* GNU General Public License v3
*********************************************************************
Call: 
./ldsc.py \
--out /Users/bingli/Documents/GitHub/GWAS_Yap_et_al/results/baldness_numchildren.step4 \
--rg /Users/bingli/Documents/GitHub/GWAS_Yap_et_al/results/baldness.step1.sumstats.gz,/Users/bingli/Documents/GitHub/GWAS_Yap_et_al/results/numchildren.step1.sumstats.gz \
--ref-ld-chr /Users/bingli/Documents/GitHub/GWAS_Yap_et_al/data/reference/eur_w_ld_chr/ \
--w-ld-chr /Users/bingli/Documents/GitHub/GWAS_Yap_et_al/data/reference/eur_w_ld_chr/ 

Beginning analysis at Sun Apr 27 16:16:41 2025
Reading summary statistics from /Users/bingli/Documents/GitHub/GWAS_Yap_et_al/results/baldness.step1.sumstats.gz ...
Read summary statistics for 1167622 SNPs.
Reading reference panel LD Score from /Users/bingli/Documents/GitHub/GWAS_Yap_et_al/data/reference/eur_w_ld_chr/[1-22] ... (ldscore_fromlist)
Read reference panel LD Scores for 1293150 SNPs.
Removing partitioned LD Scores with zero variance.
Reading regression weight LD Score from /Users/bingli/Documents/GitHub/GWAS_Yap_et_al/data/reference/eur_w_ld_chr/[1-22] ... (ldscore_fromlist)
Read regression weight LD Scores for 1293150 SNPs.
After merging with reference panel LD, 1139569 SNPs remain.
After merging with regression SNP LD, 1139569 SNPs remain.
Computing rg for phenotype 2/2
Reading summary statistics from /Users/bingli/Documents/GitHub/GWAS_Yap_et_al/results/numchildren.step1.sumstats.gz ...
Read summary statistics for 2474037 SNPs.
After merging with summary statistics, 1026666 SNPs remain.
1026666 SNPs with valid alleles.

Heritability of phenotype 1
---------------------------
Total Observed scale h2: 0.354 (0.0336)
Lambda GC: 1.4926
Mean Chi^2: 2.5837
Intercept: 1.1979 (0.0428)
Ratio: 0.125 (0.027)

Heritability of phenotype 2/2
-----------------------------
Total Observed scale h2: 0.0254 (0.0018)
Lambda GC: 1.1082
Mean Chi^2: 1.1304
Intercept: 0.9714 (0.0071)
Ratio < 0 (usually indicates GC correction).

Genetic Covariance
------------------
Total Observed scale gencov: -0.0057 (0.0029)
Mean z1*z2: -0.0404
Intercept: -0.0113 (0.0067)

Genetic Correlation
-------------------
Genetic Correlation: -0.0597 (0.0306)
Z-score: -1.9508
P: 0.0511


Summary of Genetic Correlation Results
                                                                              p1                                                                                  p2      rg     se       z      p  h2_obs  h2_obs_se  h2_int  h2_int_se  gcov_int  gcov_int_se
/Users/bingli/Documents/GitHub/GWAS_Yap_et_al/results/baldness.step1.sumstats.gz /Users/bingli/Documents/GitHub/GWAS_Yap_et_al/results/numchildren.step1.sumstats.gz -0.0597 0.0306 -1.9508 0.0511  0.0254     0.0018  0.9714     0.0071   -0.0113       0.0067

Analysis finished at Sun Apr 27 16:17:01 2025
Total time elapsed: 19.84s
