*********************************************************************
* LD Score Regression (LDSC)
* Version 2.0.0
* (C) 2014-2019 Brendan Bulik-Sullivan and Hilary Finucane
* Broad Institute of MIT and Harvard / MIT Department of Mathematics
* GNU General Public License v3
*********************************************************************
Call: 
./ldsc.py \
--out /Users/bingli/Documents/GitHub/GWAS_Yap_et_al/results/baldness_income.step4 \
--rg /Users/bingli/Documents/GitHub/GWAS_Yap_et_al/results/baldness.step1.sumstats.gz,/Users/bingli/Documents/GitHub/GWAS_Yap_et_al/results/income.step1.sumstats.gz \
--ref-ld-chr /Users/bingli/Documents/GitHub/GWAS_Yap_et_al/data/reference/eur_w_ld_chr/ \
--w-ld-chr /Users/bingli/Documents/GitHub/GWAS_Yap_et_al/data/reference/eur_w_ld_chr/ 

Beginning analysis at Sun Apr 27 14:48:50 2025
Reading summary statistics from /Users/bingli/Documents/GitHub/GWAS_Yap_et_al/results/baldness.step1.sumstats.gz ...
Read summary statistics for 1167622 SNPs.
Reading reference panel LD Score from /Users/bingli/Documents/GitHub/GWAS_Yap_et_al/data/reference/eur_w_ld_chr/[1-22] ... (ldscore_fromlist)
Read reference panel LD Scores for 1293150 SNPs.
Removing partitioned LD Scores with zero variance.
Reading regression weight LD Score from /Users/bingli/Documents/GitHub/GWAS_Yap_et_al/data/reference/eur_w_ld_chr/[1-22] ... (ldscore_fromlist)
Read regression weight LD Scores for 1293150 SNPs.
After merging with reference panel LD, 1139569 SNPs remain.
After merging with regression SNP LD, 1139569 SNPs remain.
Computing rg for phenotype 2/2
Reading summary statistics from /Users/bingli/Documents/GitHub/GWAS_Yap_et_al/results/income.step1.sumstats.gz ...
Read summary statistics for 1217311 SNPs.
After merging with summary statistics, 1139569 SNPs remain.
600454 SNPs with valid alleles.

Heritability of phenotype 1
---------------------------
Total Observed scale h2: 0.3769 (0.0476)
Lambda GC: 1.5585
Mean Chi^2: 2.6547
Intercept: 1.163 (0.0572)
Ratio: 0.0985 (0.0346)

Heritability of phenotype 2/2
-----------------------------
Total Observed scale h2: 0.0781 (0.0047)
Lambda GC: 1.3581
Mean Chi^2: 1.4384
Intercept: 1.0189 (0.0116)
Ratio: 0.0431 (0.0266)

Genetic Covariance
------------------
Total Observed scale gencov: 0.0098 (0.0057)
Mean z1*z2: 0.0158
Intercept: -0.0379 (0.0095)

Genetic Correlation
-------------------
Genetic Correlation: 0.0572 (0.0327)
Z-score: 1.748
P: 0.0805


Summary of Genetic Correlation Results
                                                                              p1                                                                             p2     rg     se     z      p  h2_obs  h2_obs_se  h2_int  h2_int_se  gcov_int  gcov_int_se
/Users/bingli/Documents/GitHub/GWAS_Yap_et_al/results/baldness.step1.sumstats.gz /Users/bingli/Documents/GitHub/GWAS_Yap_et_al/results/income.step1.sumstats.gz 0.0572 0.0327 1.748 0.0805  0.0781     0.0047  1.0189     0.0116   -0.0379       0.0095

Analysis finished at Sun Apr 27 14:49:18 2025
Total time elapsed: 28.73s
