*********************************************************************
* LD Score Regression (LDSC)
* Version 2.0.0
* (C) 2014-2019 Brendan Bulik-Sullivan and Hilary Finucane
* Broad Institute of MIT and Harvard / MIT Department of Mathematics
* GNU General Public License v3
*********************************************************************
Call: 
./ldsc.py \
--out /Users/bingli/Documents/GitHub/GWAS_Yap_et_al/results/baldness.step2 \
--h2 /Users/bingli/Documents/GitHub/GWAS_Yap_et_al/results/baldness.step1.sumstats.gz \
--ref-ld-chr /Users/bingli/Documents/GitHub/GWAS_Yap_et_al/data/reference/eur_w_ld_chr/ \
--w-ld-chr /Users/bingli/Documents/GitHub/GWAS_Yap_et_al/data/reference/eur_w_ld_chr/ 

Beginning analysis at Sun Apr 27 12:02:23 2025
Reading summary statistics from /Users/bingli/Documents/GitHub/GWAS_Yap_et_al/results/baldness.step1.sumstats.gz ...
Read summary statistics for 1167622 SNPs.
Reading reference panel LD Score from /Users/bingli/Documents/GitHub/GWAS_Yap_et_al/data/reference/eur_w_ld_chr/[1-22] ... (ldscore_fromlist)
Read reference panel LD Scores for 1293150 SNPs.
Removing partitioned LD Scores with zero variance.
Reading regression weight LD Score from /Users/bingli/Documents/GitHub/GWAS_Yap_et_al/data/reference/eur_w_ld_chr/[1-22] ... (ldscore_fromlist)
Read regression weight LD Scores for 1293150 SNPs.
After merging with reference panel LD, 1139569 SNPs remain.
After merging with regression SNP LD, 1139569 SNPs remain.
Using two-step estimator with cutoff at 30.
Total Observed scale h2: 0.3431 (0.0274)
Lambda GC: 1.4926
Mean Chi^2: 2.5854
Intercept: 1.2232 (0.0205)
Ratio: 0.1408 (0.0129)
Analysis finished at Sun Apr 27 12:02:33 2025
Total time elapsed: 10.51s
