*********************************************************************
* LD Score Regression (LDSC)
* Version 2.0.0
* (C) 2014-2019 Brendan Bulik-Sullivan and Hilary Finucane
* Broad Institute of MIT and Harvard / MIT Department of Mathematics
* GNU General Public License v3
*********************************************************************
Call: 
./ldsc.py \
--out /Users/bingli/Documents/GitHub/GWAS_Yap_et_al/results/baldness_firstbirthmale.step4 \
--rg /Users/bingli/Documents/GitHub/GWAS_Yap_et_al/results/baldness.step1.sumstats.gz,/Users/bingli/Documents/GitHub/GWAS_Yap_et_al/results/firstbirthmale.step1.sumstats.gz \
--ref-ld-chr /Users/bingli/Documents/GitHub/GWAS_Yap_et_al/data/reference/eur_w_ld_chr/ \
--w-ld-chr /Users/bingli/Documents/GitHub/GWAS_Yap_et_al/data/reference/eur_w_ld_chr/ 

Beginning analysis at Sun Apr 27 16:16:22 2025
Reading summary statistics from /Users/bingli/Documents/GitHub/GWAS_Yap_et_al/results/baldness.step1.sumstats.gz ...
Read summary statistics for 1167622 SNPs.
Reading reference panel LD Score from /Users/bingli/Documents/GitHub/GWAS_Yap_et_al/data/reference/eur_w_ld_chr/[1-22] ... (ldscore_fromlist)
Read reference panel LD Scores for 1293150 SNPs.
Removing partitioned LD Scores with zero variance.
Reading regression weight LD Score from /Users/bingli/Documents/GitHub/GWAS_Yap_et_al/data/reference/eur_w_ld_chr/[1-22] ... (ldscore_fromlist)
Read regression weight LD Scores for 1293150 SNPs.
After merging with reference panel LD, 1139569 SNPs remain.
After merging with regression SNP LD, 1139569 SNPs remain.
Computing rg for phenotype 2/2
Reading summary statistics from /Users/bingli/Documents/GitHub/GWAS_Yap_et_al/results/firstbirthmale.step1.sumstats.gz ...
Read summary statistics for 2465140 SNPs.
After merging with summary statistics, 1026441 SNPs remain.
1026441 SNPs with valid alleles.

Heritability of phenotype 1
---------------------------
Total Observed scale h2: 0.3543 (0.0336)
Lambda GC: 1.4926
Mean Chi^2: 2.584
Intercept: 1.1972 (0.0428)
Ratio: 0.1245 (0.027)

Heritability of phenotype 2/2
-----------------------------
Total Observed scale h2: 0.0176 (0.0017)
Lambda GC: 1.0496
Mean Chi^2: 1.0506
Intercept: 0.9418 (0.0064)
Ratio < 0 (usually indicates GC correction).

Genetic Covariance
------------------
Total Observed scale gencov: -0.0035 (0.0026)
Mean z1*z2: -0.0013
Intercept: 0.0162 (0.0068)

Genetic Correlation
-------------------
Genetic Correlation: -0.0439 (0.0338)
Z-score: -1.297
P: 0.1946


Summary of Genetic Correlation Results
                                                                              p1                                                                                     p2      rg     se      z      p  h2_obs  h2_obs_se  h2_int  h2_int_se  gcov_int  gcov_int_se
/Users/bingli/Documents/GitHub/GWAS_Yap_et_al/results/baldness.step1.sumstats.gz /Users/bingli/Documents/GitHub/GWAS_Yap_et_al/results/firstbirthmale.step1.sumstats.gz -0.0439 0.0338 -1.297 0.1946  0.0176     0.0017  0.9418     0.0064    0.0162       0.0068

Analysis finished at Sun Apr 27 16:16:39 2025
Total time elapsed: 16.71s
